<?xml version="1.0" encoding="utf-8"?><testsuites name="pytest tests"><testsuite name="pytest" errors="0" failures="0" skipped="0" tests="14" time="11.185" timestamp="2026-03-28T08:28:09.198204+00:00" hostname="agent-env-14634f56-432d-44c4-9ea8-c78db38b8c9a"><testcase classname="tests.test_jurisai_api.TestHealthCheck" name="test_api_root" time="0.213" /><testcase classname="tests.test_jurisai_api.TestAuthentication" name="test_login_create_new_user" time="0.108" /><testcase classname="tests.test_jurisai_api.TestAuthentication" name="test_login_existing_user" time="0.186" /><testcase classname="tests.test_jurisai_api.TestCases" name="test_get_all_cases" time="0.160" /><testcase classname="tests.test_jurisai_api.TestCases" name="test_get_case_by_id" time="0.163" /><testcase classname="tests.test_jurisai_api.TestCases" name="test_get_case_not_found" time="0.124" /><testcase classname="tests.test_jurisai_api.TestLawyers" name="test_get_all_lawyers" time="0.115" /><testcase classname="tests.test_jurisai_api.TestDocuments" name="test_get_all_documents" time="0.105" /><testcase classname="tests.test_jurisai_api.TestMessages" name="test_get_messages_for_case" time="0.106" /><testcase classname="tests.test_jurisai_api.TestMessages" name="test_create_message" time="0.141" /><testcase classname="tests.test_jurisai_api.TestAIAnalysis" name="test_analyze_legal_issue" time="5.513" /><testcase classname="tests.test_jurisai_api.TestAIAnalysis" name="test_analyze_with_case_id" time="3.934" /><testcase classname="tests.test_jurisai_api.TestDataIntegrity" name="test_cases_have_valid_timeline_data" time="0.108" /><testcase classname="tests.test_jurisai_api.TestDataIntegrity" name="test_lawyers_have_valid_ratings" time="0.097" /></testsuite></testsuites>